C51 COMPILER V9.01   MAIN                                                                  07/28/2021 19:50:03 PAGE 1   


C51 COMPILER V9.01, COMPILATION OF MODULE MAIN
OBJECT MODULE PLACED IN main.OBJ
COMPILER INVOKED BY: D:\51software\C51\BIN\C51.EXE main.c BROWSE DEBUG OBJECTEXTEND

line level    source

   1          #include<reg51.h>
   2          #include<intrins.h>
   3          typedef unsigned char u8;
   4          typedef unsigned int u16;
   5          
   6          sbit SRCLK=P3^6;
   7          sbit RCLK=P3^5;
   8          sbit SER=P3^4;
   9          
  10          u8 ledduan[]={0x46,0x8a,0x72,0x00,0xfe,0x92,0x92,0x6c};  //D口
  11          u8 ledwei[]={0x7f,0xbf,0xdf,0xef,0xf7,0xfb,0xfd,0xfe}; //P口
  12          
  13          void delay(u16 i)
  14          {
  15   1        while(i--);
  16   1      }
  17                  
  18          
  19          void Hc595SendByte(u8 dat)
  20          {
  21   1         u8 a;
  22   1         SRCLK=0;
  23   1         RCLK=0;
  24   1         for(a=0;a<8;a++)
  25   1         {
  26   2           SER=dat>>7;                //右移7位剩最高位        1     0011001
  27   2               dat<<=1;           //再左移一位1001 1001 变成   0011 0010
  28   2               SRCLK=1;
  29   2               _nop_();                       //#include<intrins.h>头文件中的延时周期
  30   2               _nop_();
  31   2               SRCLK=0;  
  32   2         }
  33   1         RCLK=1;
  34   1         _nop_();
  35   1         _nop_();
  36   1         RCLK=0;
  37   1      }
  38          
  39          
  40          void main()
  41          {
  42   1                u8 i;
  43   1                while(1)
  44   1                 {
  45   2                   P0=0x7f;
  46   2                       for(i=0;i<8;i++)
  47   2                       {
  48   3                         P0=ledwei[i];
  49   3                         Hc595SendByte(ledduan[i]);
  50   3                         delay(100);
  51   3                         Hc595SendByte(0x00);
  52   3                       }
  53   2                 }
  54   1                 
  55   1      
C51 COMPILER V9.01   MAIN                                                                  07/28/2021 19:50:03 PAGE 2   

  56   1      }


MODULE INFORMATION:   STATIC OVERLAYABLE
   CODE SIZE        =     88    ----
   CONSTANT SIZE    =   ----    ----
   XDATA SIZE       =   ----    ----
   PDATA SIZE       =   ----    ----
   DATA SIZE        =     16    ----
   IDATA SIZE       =   ----    ----
   BIT SIZE         =   ----    ----
END OF MODULE INFORMATION.


C51 COMPILATION COMPLETE.  0 WARNING(S),  0 ERROR(S)
