C51 COMPILER V9.01   MAIN                                                                  07/23/2021 10:04:52 PAGE 1   


C51 COMPILER V9.01, COMPILATION OF MODULE MAIN
OBJECT MODULE PLACED IN main.OBJ
COMPILER INVOKED BY: D:\51software\C51\BIN\C51.EXE main.c BROWSE DEBUG OBJECTEXTEND

line level    source

   1          #include<reg51.h>
   2           typedef unsigned char u8;
   3           typedef unsigned int u16;
   4           sbit beep=P1^5;
   5          
   6          void delay(u16 i)
   7             {
   8   1          while(i--);
   9   1         }
  10          
  11          
  12          void C1(u16 m)
  13             {
  14   1          u16 i; 
  15   1          for(i=0;i<=m;i++)
  16   1              {
  17   2              beep=!beep;
  18   2              delay(96);
  19   2              }
  20   1         }
  21          void D1(u16 m)
  22             {
  23   1          u16 i; 
  24   1          for(i=0;i<=m;i++)
  25   1              {
  26   2              beep=!beep;
  27   2              delay(85);
  28   2              }
  29   1         }
  30          void E1(u16 m)
  31             {
  32   1          u16 i; 
  33   1          for(i=0;i<=m;i++)
  34   1              {
  35   2              beep=!beep;
  36   2              delay(76);
  37   2              }
  38   1         }
  39          void F1(u16 n)
  40             {
  41   1          u16 i; 
  42   1          for(i=0;i<=n;i++)
  43   1              {
  44   2              beep=!beep;
  45   2              delay(72);
  46   2              }
  47   1         }
  48          void G1(u16 m)
  49             {
  50   1          u16 i; 
  51   1          for(i=0;i<=m;i++)
  52   1              {
  53   2              beep=!beep;
  54   2              delay(64);
  55   2              }
C51 COMPILER V9.01   MAIN                                                                  07/23/2021 10:04:52 PAGE 2   

  56   1         }
  57          void A1(u16 m)
  58             {
  59   1          u16 i; 
  60   1          for(i=0;i<=m;i++)
  61   1              {
  62   2              beep=!beep;
  63   2              delay(57);
  64   2              }
  65   1         }
  66          void B1(u16 m)
  67             {
  68   1          u16 i; 
  69   1          for(i=0;i<=m;i++)
  70   1              {
  71   2              beep=!beep;
  72   2              delay(51);
  73   2              }
  74   1         }
  75          void C2(u16 m)
  76             {
  77   1          u16 i; 
  78   1          for(i=0;i<=m;i++)
  79   1              {
  80   2              beep=!beep;
  81   2              delay(48);
  82   2              }
  83   1         }
  84          void D2(u16 m)
  85             {
  86   1          u16 i; 
  87   1          for(i=0;i<=m;i++)
  88   1              {
  89   2              beep=!beep;
  90   2              delay(43);
  91   2              }
  92   1         }
  93          void E2(u16 m)
  94             {
  95   1          u16 i; 
  96   1          for(i=0;i<=m;i++)
  97   1              {
  98   2              beep=!beep;
  99   2              delay(38);
 100   2              }
 101   1         }
 102          void F2(u16 m)
 103             {
 104   1          u16 i; 
 105   1          for(i=0;i<=m;i++)
 106   1              {
 107   2              beep=!beep;
 108   2              delay(36);
 109   2              }
 110   1         }
 111          void G2(u16 m)
 112             {
 113   1          u16 i; 
 114   1          for(i=0;i<=m;i++)
 115   1              {
 116   2              beep=!beep;
 117   2              delay(32);
C51 COMPILER V9.01   MAIN                                                                  07/23/2021 10:04:52 PAGE 3   

 118   2              }
 119   1         }
 120          void A2(u16 m)
 121             {
 122   1          u16 i; 
 123   1          for(i=0;i<=m;i++)
 124   1              {
 125   2              beep=!beep;
 126   2              delay(28);
 127   2              }
 128   1         }
 129          void B2(u16 m)
 130             {
 131   1          u16 i; 
 132   1          for(i=0;i<=m;i++)
 133   1              {
 134   2              beep=!beep;
 135   2              delay(25);
 136   2              }
 137   1         }
 138          void C(u16 m)
 139             {
 140   1          u16 i; 
 141   1          for(i=0;i<=m;i++)
 142   1              {
 143   2              beep=!beep;
 144   2              delay(192);
 145   2              }
 146   1         } 
 147          void D(u16 m)
 148             {
 149   1          u16 i; 
 150   1          for(i=0;i<=m;i++)
 151   1              {
 152   2              beep=!beep;
 153   2              delay(170);
 154   2              }
 155   1         }
 156          void E(u16 m)
 157             {
 158   1          u16 i; 
 159   1          for(i=0;i<=m;i++)
 160   1              {
 161   2              beep=!beep;
 162   2              delay(152);
 163   2              }
 164   1         }
 165          void F(u16 m)
 166             {
 167   1          u16 i; 
 168   1          for(i=0;i<=m;i++)
 169   1              {
 170   2              beep=!beep;
 171   2              delay(143);
 172   2              }
 173   1         }
 174          void G(u16 m)
 175             {
 176   1          u16 i; 
 177   1          for(i=0;i<=m;i++)
 178   1              {
 179   2              beep=!beep;
C51 COMPILER V9.01   MAIN                                                                  07/23/2021 10:04:52 PAGE 4   

 180   2              delay(128);
 181   2              }
 182   1         }
 183          void A(u16 m)
 184             {
 185   1          u16 i; 
 186   1          for(i=0;i<=m;i++)
 187   1              {
 188   2              beep=!beep;
 189   2              delay(114);
 190   2              }
 191   1         }
 192          void b(u16 m)
 193             {
 194   1          u16 i; 
 195   1          for(i=0;i<=m;i++)
 196   1              {
 197   2              beep=!beep;
 198   2              delay(102);
 199   2              }
 200   1         }
 201          void C0(u16 m)
 202             {
 203   1          u16 i; 
 204   1          for(i=0;i<=m;i++)
 205   1              {
 206   2              beep=!beep;
 207   2              delay(385);
 208   2              }
 209   1         }
 210          void D0(u16 m)
 211             {
 212   1          u16 i; 
 213   1          for(i=0;i<=m;i++)
 214   1              {
 215   2              beep=!beep;
 216   2              delay(340);
 217   2              }
 218   1         }
 219          void E0(u16 m)
 220             {
 221   1          u16 i; 
 222   1          for(i=0;i<=m;i++)
 223   1              {
 224   2              beep=!beep;
 225   2              delay(303);
 226   2              }
 227   1         }
 228          void f0(u16 m)
 229             {
 230   1          u16 i; 
 231   1          for(i=0;i<=m;i++)
 232   1              {
 233   2              beep=!beep;
 234   2              delay(286);
 235   2              }
 236   1         }
 237          void G0(u16 m)
 238             {
 239   1          u16 i; 
 240   1          for(i=0;i<=m;i++)
 241   1              {
C51 COMPILER V9.01   MAIN                                                                  07/23/2021 10:04:52 PAGE 5   

 242   2              beep=!beep;
 243   2              delay(255);
 244   2              }
 245   1         }
 246          void A0(u16 m)
 247             {
 248   1          u16 i; 
 249   1          for(i=0;i<=m;i++)
 250   1              {
 251   2              beep=!beep;
 252   2              delay(227);
 253   2              }
 254   1         }
 255          void B0(u16 m)
 256             {
 257   1          u16 i; 
 258   1          for(i=0;i<=m;i++)
 259   1              {
 260   2              beep=!beep;
 261   2              delay(202);
 262   2              }
 263   1         }
 264          
 265          
 266          
 267          
 268          void main()
 269          {
 270   1            while(1)
 271   1                {
 272   2                      A1(500);
 273   2                          delay(2500);
 274   2                      G1(500);
 275   2                          delay(2500);
 276   2                      C2(1400);
 277   2                          delay(2500);
 278   2                      C2(1400);
 279   2                          delay(2500);
 280   2                      D2(1400);
 281   2                          delay(2500);
 282   2                      D2(1400);
 283   2                          delay(2500);
 284   2                      E2(1400);
 285   2                          delay(2500);
 286   2                      C2(1400);
 287   2                          delay(2500);
 288   2                      G1(1000);
 289   2      
 290   2                      
 291   2                      A1(500);
 292   2                          delay(2500);
 293   2                      G1(500);
 294   2                          delay(2500);
 295   2                      C2(1400);
 296   2                          delay(2500);
 297   2                      C2(1400);
 298   2                          delay(2500);
 299   2                      D2(1400);
 300   2                          delay(2500);
 301   2                      D2(1400);
 302   2                          delay(2500);
 303   2                      E2(1400);
C51 COMPILER V9.01   MAIN                                                                  07/23/2021 10:04:52 PAGE 6   

 304   2                          delay(2500);
 305   2                      C2(2500);
 306   2                          delay(2500);
 307   2                 //
 308   2                      A1(500);
 309   2                          delay(2500);
 310   2                      G1(500);
 311   2                          delay(2500);
 312   2                      C2(1400);
 313   2                          delay(2500);
 314   2                      C2(1400);
 315   2                          delay(2500);
 316   2                      D2(1400);
 317   2                          delay(2500);
 318   2                      D2(1400);
 319   2                          delay(2500);
 320   2                      E2(1400);
 321   2                          delay(2500);
 322   2                      C2(1400);
 323   2                          delay(2500);
 324   2                      G1(1000);
 325   2      
 326   2                      A1(500);
 327   2                          delay(2500);
 328   2                      G1(500);
 329   2                          delay(2500);
 330   2                      C2(1400);
 331   2                          delay(2500);
 332   2                      C2(1400);
 333   2                          delay(2500);
 334   2                      D2(1400);
 335   2                          delay(2500);
 336   2                      C2(2500);
 337   2                          delay(50000);
 338   2      
 339   2      
 340   2      
 341   2      
 342   2      
 343   2                                      A1(500);
 344   2                          delay(2500);
 345   2                      G1(500);
 346   2                          delay(2500);
 347   2                      C2(1400);
 348   2                          delay(2500);
 349   2                      C2(1400);
 350   2                          delay(2500);
 351   2                      D2(1400);
 352   2                          delay(2500);
 353   2                      D2(1400);
 354   2                          delay(2500);
 355   2                      E2(1400);
 356   2                          delay(2500);
 357   2                      C2(1400);
 358   2                          delay(2500);
 359   2                      G1(1000);
 360   2      
 361   2                      
 362   2                      A1(500);
 363   2                          delay(2500);
 364   2                      G1(500);
 365   2                          delay(2500);
C51 COMPILER V9.01   MAIN                                                                  07/23/2021 10:04:52 PAGE 7   

 366   2                      C2(1400);
 367   2                          delay(2500);
 368   2                      C2(1400);
 369   2                          delay(2500);
 370   2                      D2(1400);
 371   2                          delay(2500);
 372   2                      D2(1400);
 373   2                          delay(2500);
 374   2                      E2(1400);
 375   2                          delay(2500);
 376   2                      C2(2500);
 377   2                          delay(2500);
 378   2                 //
 379   2                      A1(500);
 380   2                          delay(2500);
 381   2                      G1(500);
 382   2                          delay(2500);
 383   2                      C2(1400);
 384   2                          delay(2500);
 385   2                      C2(1400);
 386   2                          delay(2500);
 387   2                      D2(1400);
 388   2                          delay(2500);
 389   2                      D2(1400);
 390   2                          delay(2500);
 391   2                      E2(1400);
 392   2                          delay(2500);
 393   2                      C2(1400);
 394   2                          delay(2500);
 395   2                      G1(1000);
 396   2      
 397   2                      A1(500);
 398   2                          delay(2500);
 399   2                      G1(500);
 400   2                          delay(2500);
 401   2                      C2(1400);
 402   2                          delay(2500);
 403   2                      C2(1400);
 404   2                          delay(2500);
 405   2                      D2(1400);
 406   2                          delay(2500);
 407   2                      C2(2500);
 408   2                          delay(50000);
 409   2                       //
 410   2                      F2(1000);
 411   2                              //delay(2500);
 412   2                      E2(1000);
 413   2                      //      delay(2500);
 414   2                      C2(1000);
 415   2                      //      delay(2500);
 416   2                      A1(1200);
 417   2                      //      delay(2500);
 418   2                      C2(1000);
 419   2                      //      delay(2500);
 420   2                      D2(1000);
 421   2                      //   delay(2500);
 422   2                      A1(1000);
 423   2                         delay(1500);
 424   2                      C2(1000);
 425   2                       //  delay(40000);
 426   2                      G1(1000);
 427   2                      //   delay(2500);
C51 COMPILER V9.01   MAIN                                                                  07/23/2021 10:04:52 PAGE 8   

 428   2                      A1(1000);
 429   2              //         delay(2500);
 430   2                      C2(1400);
 431   2                      //
 432   2      
 433   2                      F2(1000);
 434   2                              //delay(2500);
 435   2                      E2(1000);
 436   2                      //      delay(2500);
 437   2                      C2(1000);
 438   2                      //      delay(2500);
 439   2                      A1(1200);
 440   2                      //      delay(2500);
 441   2                      C2(1000);
 442   2                      //      delay(2500);
 443   2                      D2(1000);
 444   2                      //   delay(2500);
 445   2                      A1(1000);
 446   2                      //   delay(2500);
 447   2                      C2(3500);
 448   2                         delay(2500);
 449   2      
 450   2      
 451   2                      //
 452   2                      F2(1000);
 453   2                              //delay(2500);
 454   2                      E2(1000);
 455   2                      //      delay(2500);
 456   2                      C2(1000);
 457   2                      //      delay(2500);
 458   2                      A1(1200);
 459   2                      //      delay(2500);
 460   2                      C2(1000);
 461   2                      //      delay(2500);
 462   2                      D2(1000);
 463   2                      //   delay(2500);
 464   2                      A1(1000);
 465   2                      //   delay(2500);
 466   2                      C2(1000);
 467   2                       //  delay(3500);
 468   2                      G1(1000);
 469   2                      //   delay(3500);
 470   2                      A1(1000);
 471   2                      //   delay(3500);
 472   2                      C2(1000);
 473   2                      //   delay(3500);
 474   2                      G1(1000);
 475   2      
 476   2                      C2(1000);
 477   2                      //   delay(3500);
 478   2                      D1(1300);
 479   2      
 480   2                }
 481   1      }


MODULE INFORMATION:   STATIC OVERLAYABLE
   CODE SIZE        =   1396    ----
   CONSTANT SIZE    =   ----    ----
   XDATA SIZE       =   ----    ----
   PDATA SIZE       =   ----    ----
   DATA SIZE        =   ----    ----
C51 COMPILER V9.01   MAIN                                                                  07/23/2021 10:04:52 PAGE 9   

   IDATA SIZE       =   ----    ----
   BIT SIZE         =   ----    ----
END OF MODULE INFORMATION.


C51 COMPILATION COMPLETE.  0 WARNING(S),  0 ERROR(S)
