C51 COMPILER V9.01   MAIN                                                                  08/16/2021 20:38:29 PAGE 1   


C51 COMPILER V9.01, COMPILATION OF MODULE MAIN
OBJECT MODULE PLACED IN main.OBJ
COMPILER INVOKED BY: D:\51software\C51\BIN\C51.EXE main.c BROWSE DEBUG OBJECTEXTEND

line level    source

   1          /*
   2          实验说明：
   3                          
   4          实验接线：
   5                  动态数码管模块-->单片机管脚
   6                  参考动态数码管显示实验接线（开发攻略内在对应的实验章节内实验现象有接线说明）
   7                  超声波模块-->单片机管脚
   8                  TRIG-->P21
   9                  ECHO-->P20
  10          
  11          实验现象：
  12                  LCD1602上显示超声波检测的距离，单位mm
  13          */
  14          
  15          
  16          #include"reg51.h"
  17          
  18          #include <intrins.h>
  19          sbit RX=P2^0;
  20          sbit TX=P2^1;
  21          unsigned int  time=0;
  22          unsigned int  timer=0;
  23          unsigned char posit=0;
  24          unsigned long S=0;
  25          bit      flag =0;
  26          unsigned long Ling;
  27          //--定义使用的IO--//
  28          #define GPIO_DIG P0
  29          
  30          sbit LSA=P2^2;
  31          sbit LSB=P2^3;
  32          sbit LSC=P2^4;
  33          
  34          sbit beep=P1^5;
  35          
  36          //--定义全局变量--//
  37          unsigned char code DIG_CODE[17]={
  38          0x3f,0x06,0x5b,0x4f,0x66,0x6d,0x7d,0x07,
  39          0x7f,0x6f,0x77,0x7c,0x39,0x5e,0x79,0x71};
  40          //0、1、2、3、4、5、6、7、8、9、A、b、C、d、E、F的显示码
  41          unsigned char disbuff[4]           ={ 0,0,0,0,};
  42          /*******************************************************************************
  43          * 函 数 名         : DigDisplay
  44          * 函数功能                 : 使用数码管显示
  45          * 输    入         : 无
  46          * 输    出         : 无
  47          *******************************************************************************/
  48          void DigDisplay()
  49          {
  50   1              unsigned char i;
  51   1              unsigned int j;
  52   1              for(i=0;i<8;i++)
  53   1              {
  54   2                      switch(i)        //位选，选择点亮的数码管，
  55   2                      {
C51 COMPILER V9.01   MAIN                                                                  08/16/2021 20:38:29 PAGE 2   

  56   3                              case(0):
  57   3                                      LSA=1;LSB=1;LSC=1; break;//显示第7位
  58   3                              case(1):
  59   3                                      LSA=0;LSB=1;LSC=1; break;//显示第6位
  60   3                              case(2):
  61   3                                      LSA=1;LSB=0;LSC=1; break;//显示第5位
  62   3                              case(3):
  63   3                                      LSA=0;LSB=0;LSC=1; break;//显示第4位
  64   3                              case(4):
  65   3                                      LSA=1;LSB=1;LSC=0; break;//显示第3位 
  66   3                              case(5):
  67   3                                      LSA=0;LSB=1;LSC=0; break;//显示第2位 
  68   3                              case(6):
  69   3                                      LSA=1;LSB=0;LSC=0; break;//显示第1位 
  70   3                              case(7):
  71   3                                      LSA=0;LSB=0;LSC=0; break;//显示第0位            
  72   3                      }
  73   2                      GPIO_DIG=disbuff[i];//发送段码
  74   2                      j=10;                                            //扫描间隔时间设定
  75   2                      while(j--);     
  76   2                      GPIO_DIG=0x00;//消隐
  77   2              }
  78   1      }
  79          /********************************************************/
  80          
  81          void delay(unsigned int i)
  82             {
  83   1          while(i--);
  84   1         }
  85          
  86          
  87          
  88          void C2(unsigned int u)
  89             {
  90   1          unsigned int i; 
  91   1          for(i=0;i<=100;i++)
  92   1              {
  93   2              beep=!beep;
  94   2              delay(u/100);
  95   2              }
  96   1         }
  97          
  98          
  99              void Conut(void)
 100                  {
 101   1               time=TH0*256+TL0;
 102   1               C2(time);
 103   1               TH0=0;
 104   1               TL0=0;
 105   1               Ling=time;
 106   1              
 107   1               S= (long)(time*0.17);     //算出来是CM
 108   1               if((S>=4000)||flag==1) //超出测量范围显示“ERR0”
 109   1               {       
 110   2                flag=0;
 111   2                disbuff[0]=0x3f;         //“-”
 112   2                disbuff[1]=0x50;         //“-”
 113   2                disbuff[2]=0x50;         //“-”
 114   2                disbuff[3]=0x79;         //“-”
 115   2               }
 116   1               else
 117   1               {
C51 COMPILER V9.01   MAIN                                                                  08/16/2021 20:38:29 PAGE 3   

 118   2                disbuff[0]=DIG_CODE[S%10000/1000];
 119   2                disbuff[1]=DIG_CODE[S%1000/100];
 120   2                disbuff[2]=DIG_CODE[S%100/10];
 121   2                disbuff[3]=DIG_CODE[S%10/1];
 122   2               }
 123   1              }
 124          
 125                  
 126          /********************************************************/
 127               void zd0() interrupt 1              //T0中断用来计数器溢出,超过测距范围
 128            {
 129   1          flag=1;                                                      //中断溢出标志
 130   1        }
 131          /********************************************************/
 132             void  zd3()  interrupt 3              //T1中断用来扫描数码管和计800MS启动模块
 133            {
 134   1               TH1=0xf8;
 135   1               TL1=0x30;
 136   1               DigDisplay();
 137   1               timer++;
 138   1               if(timer>=100)
 139   1               {
 140   2                timer=0;
 141   2                TX=1;                                 //800MS  启动一次模块
 142   2                _nop_(); 
 143   2                _nop_(); 
 144   2                _nop_(); 
 145   2                _nop_(); 
 146   2                _nop_(); 
 147   2                _nop_(); 
 148   2                _nop_(); 
 149   2                _nop_(); 
 150   2                _nop_(); 
 151   2                _nop_(); 
 152   2                _nop_(); 
 153   2                _nop_(); 
 154   2                _nop_(); 
 155   2                _nop_(); 
 156   2                _nop_(); 
 157   2                _nop_(); 
 158   2                _nop_();
 159   2                _nop_(); 
 160   2                _nop_(); 
 161   2                _nop_(); 
 162   2                _nop_(); 
 163   2                TX=0;
 164   2               } 
 165   1        }
 166          /*********************************************************/
 167          
 168                  void  main(  void  )
 169          
 170            {  
 171   1          TMOD=0x11;             //设T0为方式1，GATE=1；
 172   1              TH0=0;
 173   1              TL0=0;          
 174   1              TH1=0xf8;                  //2MS定时
 175   1              TL1=0x30;
 176   1              ET0=1;             //允许T0中断
 177   1              ET1=1;                     //允许T1中断
 178   1              TR1=1;                     //开启定时器
 179   1              EA=1;                      //开启总中断
C51 COMPILER V9.01   MAIN                                                                  08/16/2021 20:38:29 PAGE 4   

 180   1      
 181   1              while(1)
 182   1              {
 183   2               while(!RX);            //当RX为零时等待
 184   2               TR0=1;                     //开启计数
 185   2               while(RX);                     //当RX为1计数并等待
 186   2               TR0=0;                         //关闭计数
 187   2           Conut();                   //计算
 188   2              }
 189   1      
 190   1        }


MODULE INFORMATION:   STATIC OVERLAYABLE
   CODE SIZE        =    581    ----
   CONSTANT SIZE    =     17    ----
   XDATA SIZE       =   ----    ----
   PDATA SIZE       =   ----    ----
   DATA SIZE        =     17    ----
   IDATA SIZE       =   ----    ----
   BIT SIZE         =      1    ----
END OF MODULE INFORMATION.


C51 COMPILATION COMPLETE.  0 WARNING(S),  0 ERROR(S)
