C51 COMPILER V9.01   MAIN                                                                  07/22/2021 09:12:31 PAGE 1   


C51 COMPILER V9.01, COMPILATION OF MODULE MAIN
OBJECT MODULE PLACED IN main.OBJ
COMPILER INVOKED BY: D:\51software\C51\BIN\C51.EXE main.c BROWSE DEBUG OBJECTEXTEND

line level    source

   1          #include<reg51.h>
   2          #include<intrins.h>
   3          typedef unsigned char u8;
   4          typedef unsigned int u16;
   5          
   6          #define led P2
   7          
   8          void delay(u16 i)
   9          {
  10   1      while(i--);
  11   1      }
  12          
  13          void main()
  14          {
  15   1            u8 i;
  16   1              
  17   1            while(1)
  18   1                {
  19   2                    led=0x1f;
  20   2                    delay(5000);
  21   2                        for(i=0;i<7;i++)
  22   2                        {
  23   3                        led=_cror_(led,1);
  24   3                        delay(5000);  
  25   3                        }
  26   2                }
  27   1      }


MODULE INFORMATION:   STATIC OVERLAYABLE
   CODE SIZE        =     49    ----
   CONSTANT SIZE    =   ----    ----
   XDATA SIZE       =   ----    ----
   PDATA SIZE       =   ----    ----
   DATA SIZE        =   ----    ----
   IDATA SIZE       =   ----    ----
   BIT SIZE         =   ----    ----
END OF MODULE INFORMATION.


C51 COMPILATION COMPLETE.  0 WARNING(S),  0 ERROR(S)
