C51 COMPILER V9.01   BOMB                                                                  08/12/2021 09:38:33 PAGE 1   


C51 COMPILER V9.01, COMPILATION OF MODULE BOMB
OBJECT MODULE PLACED IN bomb.OBJ
COMPILER INVOKED BY: D:\51software\C51\BIN\C51.EXE bomb.c BROWSE DEBUG OBJECTEXTEND

line level    source

   1          #include<reg51.h>
   2          #include<intrins.h>     
   3          #include<BOMB.h>
   4          typedef unsigned char u8;
   5          typedef long int u16;   
   6          
   7          #define led P2
   8          //sbit beep=P1^5 ;
   9          
  10          void delay(u16 i)
  11          {
  12   1         while(i--);
  13   1      }  
  14          
  15          void video(u16 m)
  16          {
  17   1              u16 t;
  18   1              for(t=0;t<m;t++)
  19   1              {
  20   2                 beep=!beep;
  21   2                 delay(10) ;
  22   2              }
  23   1      }
  24          
  25          void BOMB()
  26          {
  27   1            u8 i;
  28   1                u16 a=3000 ;
  29   1                u16 b=100     ;
  30   1                u16 c=300;
  31   1            while(1)
  32   1                {
  33   2                    a=a-b;
  34   2                    led=0xfe;
  35   2                    delay(a);
  36   2                        for(i=0;i<7;i++)
  37   2                        {
  38   3                          led=_crol_(led,1);
  39   3                          delay(a);   
  40   3                        }
  41   2                       led=0xff;
  42   2                       
  43   2                       video(c);
  44   2      
  45   2                       if(a<=1000)
  46   2                       { 
  47   3                         b=40;
  48   3                       }
  49   2                       if(a<=300)
  50   2                       {
  51   3                         while(1)
  52   3                         {
  53   4                         led=0x0;
  54   4                         beep=!beep    ;
  55   4                         delay(10);
C51 COMPILER V9.01   BOMB                                                                  08/12/2021 09:38:33 PAGE 2   

  56   4                         beep=!beep;
  57   4                         delay(5);
  58   4                         }     
  59   3                       }
  60   2                }
  61   1      }


MODULE INFORMATION:   STATIC OVERLAYABLE
   CODE SIZE        =    287    ----
   CONSTANT SIZE    =   ----    ----
   XDATA SIZE       =   ----    ----
   PDATA SIZE       =   ----    ----
   DATA SIZE        =   ----      24
   IDATA SIZE       =   ----    ----
   BIT SIZE         =   ----    ----
END OF MODULE INFORMATION.


C51 COMPILATION COMPLETE.  0 WARNING(S),  0 ERROR(S)
