C51 COMPILER V9.01   MAIN                                                                  08/12/2021 09:47:54 PAGE 1   


C51 COMPILER V9.01, COMPILATION OF MODULE MAIN
OBJECT MODULE PLACED IN main.OBJ
COMPILER INVOKED BY: D:\51software\C51\BIN\C51.EXE main.c BROWSE DEBUG OBJECTEXTEND

line level    source

   1          #include <reg51.h>                       //此文件中定义了单片机的一些特殊功能寄存器
   2          #include<BOMB.h>
   3          #include <intrins.h>    
   4          
   5          typedef  int u16;         //对数据类型进行声明定义
   6          typedef unsigned char u8;
   7          
   8          
   9          
  10          sbit IRIN=P3^2;
  11          
  12          u8 IrValue[6];
  13          u8 Time;
  14          
  15          u8 DisplayData[8];
  16          
  17          
  18          
  19          
  20          void wait(u16 i)
  21          {
  22   1              while(i--);     
  23   1      } 
  24          
  25          
  26          
  27          void IrInit()
  28          {
  29   1              IT0=1;//下降沿触发
  30   1              EX0=1;//打开中断0允许
  31   1              EA=1;   //打开总中断
  32   1      
  33   1              IRIN=1;//初始化端口
  34   1      }
  35          
  36          
  37          
  38          void main()
  39          {       
  40   1              IrInit();
  41   1              IrValue[2]=0x00;
  42   1              while(1)
  43   1              {       
  44   2                      if(IrValue[2]==0x45)
  45   2                      {
  46   3                         BOMB();
  47   3                      }
  48   2                      
  49   2              }               
  50   1      }
  51          
  52          
  53          
  54          void ReadIr() interrupt 0
  55          {
C51 COMPILER V9.01   MAIN                                                                  08/12/2021 09:47:54 PAGE 2   

  56   1              u8 j,k;
  57   1              u16 err;
  58   1              Time=0;                                  
  59   1              wait(700);      //7ms
  60   1              if(IRIN==0)             //确认是否真的接收到正确的信号
  61   1              {        
  62   2                      
  63   2                      err=1000;                               //1000*10us=10ms,超过说明接收到错误的信号
  64   2                      /*当两个条件都为真是循环，如果有一个条件为假的时候跳出循环，免得程序出错的时
  65   2                      侯，程序死在这里*/      
  66   2                      while((IRIN==0)&&(err>0))       //等待前面9ms的低电平过去               
  67   2                      {                       
  68   3                              wait(1);
  69   3                              err--;
  70   3                      } 
  71   2                      if(IRIN==1)                     //如果正确等到9ms低电平
  72   2                      {
  73   3                              err=500;
  74   3                              while((IRIN==1)&&(err>0))                //等待4.5ms的起始高电平过去
  75   3                              {
  76   4                                      wait(1);
  77   4                                      err--;
  78   4                              }
  79   3                              for(k=0;k<4;k++)                //共有4组数据
  80   3                              {                               
  81   4                                      for(j=0;j<8;j++)        //接收一组数据
  82   4                                      {
  83   5      
  84   5                                              err=60;         
  85   5                                              while((IRIN==0)&&(err>0))//等待信号前面的560us低电平过去
  86   5                                              {
  87   6                                                      wait(1);
  88   6                                                      err--;
  89   6                                              }
  90   5                                              err=500;
  91   5                                              while((IRIN==1)&&(err>0))        //计算高电平的时间长度。
  92   5                                              {
  93   6                                                      wait(10);        //0.1ms
  94   6                                                      Time++;
  95   6                                                      err--;
  96   6                                                      if(Time>30)
  97   6                                                      {
  98   7                                                              return;
  99   7                                                      }
 100   6                                              }
 101   5                                              IrValue[k]>>=1;  //k表示第几组数据
 102   5                                              if(Time>=8)                     //如果高电平出现大于565us，那么是1
 103   5                                              {
 104   6                                                      IrValue[k]|=0x80;
 105   6                                              }
 106   5                                              Time=0;         //用完时间要重新赋值                                                    
 107   5                                      }
 108   4                              }
 109   3                      }
 110   2                      if(IrValue[2]!=~IrValue[3])
 111   2                      {
 112   3                              return;
 113   3                      }
 114   2              }                       
 115   1      }


C51 COMPILER V9.01   MAIN                                                                  08/12/2021 09:47:54 PAGE 3   

MODULE INFORMATION:   STATIC OVERLAYABLE
   CODE SIZE        =    277    ----
   CONSTANT SIZE    =   ----    ----
   XDATA SIZE       =   ----    ----
   PDATA SIZE       =   ----    ----
   DATA SIZE        =     15       1
   IDATA SIZE       =   ----    ----
   BIT SIZE         =   ----    ----
END OF MODULE INFORMATION.


C51 COMPILATION COMPLETE.  0 WARNING(S),  0 ERROR(S)
