C51 COMPILER V9.01   MAIN                                                                  07/28/2021 16:25:55 PAGE 1   


C51 COMPILER V9.01, COMPILATION OF MODULE MAIN
OBJECT MODULE PLACED IN main.OBJ
COMPILER INVOKED BY: D:\51software\C51\BIN\C51.EXE main.c BROWSE DEBUG OBJECTEXTEND

line level    source

   1          #include<reg51.h>
   2          #include<intrins.h>
   3          typedef unsigned char u8;
   4          typedef unsigned int u16;
   5          
   6          sbit SRCLK=P3^6;
   7          sbit RCLK=P3^5;
   8          sbit SER=P3^4;
   9          
  10          u8 open[]={0x3c,0x42,0x99,0x81,0x99,0x42,0x3c,0x00};
  11          u8 medium[]={0x3c,0x42,0x89,0x81,0x89,0x42,0x3c,0x00};
  12          u8 close[]={0x3c,0x42,0x81,0x81,0x81,0x42,0x3c,0x00};  //D口
  13          
  14          
  15          u8 ledwei[]={0x7f,0xbf,0xdf,0xef,0xf7,0xfb,0xfd,0xfe}; //P口
  16          
  17          void delay(u16 i)
  18          {
  19   1        while(i--);
  20   1      }
  21                  
  22          
  23          void Hc595SendByte(u8 dat)
  24          {
  25   1         u8 a;
  26   1         SRCLK=0;
  27   1         RCLK=0;
  28   1         for(a=0;a<8;a++)
  29   1         {
  30   2           SER=dat>>7;                //右移7位剩最高位        1     0011001
  31   2               dat<<=1;           //再左移一位1001 1001 变成   0011 0010
  32   2               SRCLK=1;
  33   2               _nop_();                       //#include<intrins.h>头文件中的延时周期
  34   2               _nop_();
  35   2               SRCLK=0;  
  36   2         }
  37   1         RCLK=1;
  38   1         _nop_();
  39   1         _nop_();
  40   1         RCLK=0;
  41   1      }
  42          
  43          
  44          void main()
  45          {
  46   1                u8 i;
  47   1                u16 m;
  48   1                while(1)
  49   1                 {
  50   2                   P0=0x7f;
  51   2                       m=50;
  52   2                       while(m!=1)
  53   2                       {
  54   3                         for(i=0;i<8;i++)
  55   3                         {
C51 COMPILER V9.01   MAIN                                                                  07/28/2021 16:25:55 PAGE 2   

  56   4                           P0=ledwei[i];
  57   4                           Hc595SendByte(open[i]);
  58   4                           delay(100);
  59   4                           Hc595SendByte(0x00);
  60   4                         }
  61   3                         m--;
  62   3                       }
  63   2                       
  64   2                       m=4;
  65   2                       while(m!=1)
  66   2                       {
  67   3                         for(i=0;i<8;i++)
  68   3                         {
  69   4                           P0=ledwei[i];
  70   4                           Hc595SendByte(medium[i]);
  71   4                           delay(100);
  72   4                           Hc595SendByte(0x00);
  73   4                         }
  74   3                         m--;
  75   3                       }
  76   2      
  77   2                       m=8;
  78   2                       while(m!=1)
  79   2                       {
  80   3                         for(i=0;i<8;i++)
  81   3                         {
  82   4                           P0=ledwei[i];
  83   4                           Hc595SendByte(close[i]);
  84   4                           delay(100);
  85   4                           Hc595SendByte(0x00);
  86   4                         }
  87   3                         m--;
  88   3                       }
  89   2      
  90   2                       m=4;
  91   2                       while(m!=1)
  92   2                       {
  93   3                         for(i=0;i<8;i++)
  94   3                         {
  95   4                           P0=ledwei[i];
  96   4                           Hc595SendByte(medium[i]);
  97   4                           delay(100);
  98   4                           Hc595SendByte(0x00);
  99   4                         }
 100   3                         m--;
 101   3                       }
 102   2      
 103   2                       m=6;
 104   2                       while(m!=1)
 105   2                       {
 106   3                         for(i=0;i<8;i++)
 107   3                         {
 108   4                           P0=ledwei[i];
 109   4                           Hc595SendByte(open[i]);
 110   4                           delay(100);
 111   4                           Hc595SendByte(0x00);
 112   4                         }
 113   3                         m--;
 114   3                       }
 115   2      
 116   2                       m=4;
 117   2                       while(m!=1)
C51 COMPILER V9.01   MAIN                                                                  07/28/2021 16:25:55 PAGE 3   

 118   2                       {
 119   3                         for(i=0;i<8;i++)
 120   3                         {
 121   4                           P0=ledwei[i];
 122   4                           Hc595SendByte(medium[i]);
 123   4                           delay(100);
 124   4                           Hc595SendByte(0x00);
 125   4                         }
 126   3                         m--;
 127   3                       }
 128   2      
 129   2                       m=8;
 130   2                       while(m!=1)
 131   2                       {
 132   3                         for(i=0;i<8;i++)
 133   3                         {
 134   4                           P0=ledwei[i];
 135   4                           Hc595SendByte(close[i]);
 136   4                           delay(100);
 137   4                           Hc595SendByte(0x00);
 138   4                         }
 139   3                         m--;
 140   3                       }
 141   2      
 142   2                       m=4;
 143   2                       while(m!=1)
 144   2                       {
 145   3                         for(i=0;i<8;i++)
 146   3                         {
 147   4                           P0=ledwei[i];
 148   4                           Hc595SendByte(medium[i]);
 149   4                           delay(100);
 150   4                           Hc595SendByte(0x00);
 151   4                         }
 152   3                         m--;
 153   3                       }
 154   2      
 155   2                       m=100;
 156   2                       while(m!=1)
 157   2                       {
 158   3                         for(i=0;i<8;i++)
 159   3                         {
 160   4                           P0=ledwei[i];
 161   4                           Hc595SendByte(open[i]);
 162   4                           delay(100);
 163   4                           Hc595SendByte(0x00);
 164   4                         }
 165   3                         m--;
 166   3                       }
 167   2                }      
 168   1                       
 169   1                       
 170   1                       
 171   1                       
 172   1                       
 173   1                       
 174   1                       
 175   1                 
 176   1      
 177   1      }


C51 COMPILER V9.01   MAIN                                                                  07/28/2021 16:25:55 PAGE 4   

MODULE INFORMATION:   STATIC OVERLAYABLE
   CODE SIZE        =    343    ----
   CONSTANT SIZE    =   ----    ----
   XDATA SIZE       =   ----    ----
   PDATA SIZE       =   ----    ----
   DATA SIZE        =     32    ----
   IDATA SIZE       =   ----    ----
   BIT SIZE         =   ----    ----
END OF MODULE INFORMATION.


C51 COMPILATION COMPLETE.  0 WARNING(S),  0 ERROR(S)
